[2023-11-08 20:01:00,455] multiqc                                            [DEBUG  ]  This is MultiQC v1.14
[2023-11-08 20:01:00,499] multiqc                                            [DEBUG  ]  Loading config settings from: multiqc_config.yml
[2023-11-08 20:01:00,500] multiqc                                            [DEBUG  ]  New config: {'report_comment': 'This report has been generated by the <a href="https://github.com/nf-core/spritz/releases/tag/dev" target="_blank">nf-core/spritz</a> analysis pipeline. For information about how to interpret these results, please see the <a href="https://nf-co.re/spritz/dev/docs/output" target="_blank">documentation</a>.\n', 'report_section_order': {'nf-core-spritz-methods-description': {'order': -1000}, 'software_versions': {'order': -1001}, 'nf-core-spritz-summary': {'order': -1002}}, 'export_plots': True}
[2023-11-08 20:01:00,504] multiqc                                            [DEBUG  ]  Loading config settings from: multiqc_config.yml
[2023-11-08 20:01:00,505] multiqc                                            [DEBUG  ]  New config: {'report_comment': 'This report has been generated by the <a href="https://github.com/nf-core/spritz/releases/tag/dev" target="_blank">nf-core/spritz</a> analysis pipeline. For information about how to interpret these results, please see the <a href="https://nf-co.re/spritz/dev/docs/output" target="_blank">documentation</a>.\n', 'report_section_order': {'nf-core-spritz-methods-description': {'order': -1000}, 'software_versions': {'order': -1001}, 'nf-core-spritz-summary': {'order': -1002}}, 'export_plots': True}
[2023-11-08 20:01:00,505] multiqc                                            [DEBUG  ]  Command used: /usr/local/bin/multiqc --force --config multiqc_config.yml .
[2023-11-08 20:01:05,582] multiqc                                            [DEBUG  ]  Could not connect to multiqc.info for version check: <urlopen error timed out>
[2023-11-08 20:01:05,582] multiqc                                            [DEBUG  ]  Working dir : /cluster/projects/nn9036k/nfsp/nf-core-spritz/work/7d/146807acf8bdfd083052e9b8b9e648
[2023-11-08 20:01:05,582] multiqc                                            [DEBUG  ]  Template    : default
[2023-11-08 20:01:05,582] multiqc                                            [DEBUG  ]  Running Python 3.11.0 | packaged by conda-forge | (main, Oct 25 2022, 06:24:40) [GCC 10.4.0]
[2023-11-08 20:01:05,583] multiqc                                            [DEBUG  ]  Analysing modules: custom_content, ccs, ngsderive, purple, conpair, lima, peddy, somalier, methylQA, mosdepth, phantompeakqualtools, qualimap, preseq, hifiasm, quast, qorts, rna_seqc, rockhopper, rsem, rseqc, busco, bustools, goleft_indexcov, gffcompare, disambiguate, supernova, deeptools, sargasso, verifybamid, mirtrace, happy, mirtop, sambamba, gopeaks, homer, hops, macs2, theta2, snpeff, gatk, htseq, bcftools, featureCounts, fgbio, dragen, dragen_fastqc, dedup, pbmarkdup, damageprofiler, biobambam2, jcvi, mtnucratio, picard, vep, sentieon, prokka, qc3C, nanostat, samblaster, samtools, sexdeterrmine, eigenstratdatabasetools, bamtools, jellyfish, vcftools, longranger, stacks, varscan2, snippy, umitools, bbmap, bismark, biscuit, diamond, hicexplorer, hicup, hicpro, salmon, kallisto, slamdunk, star, hisat2, tophat, bowtie2, bowtie1, cellranger, snpsplit, odgi, pangolin, nextclade, humid, kat, leehom, adapterRemoval, bbduk, clipandmerge, cutadapt, flexbar, kaiju, kraken, malt, motus, trimmomatic, sickle, skewer, sortmerna, biobloomtools, fastq_screen, afterqc, fastp, fastqc, filtlong, prinseqplusplus, pychopper, porechop, pycoqc, minionqc, anglerfish, multivcfanalyzer, clusterflow, checkqc, bcl2fastq, bclconvert, interop, ivar, flash, seqyclean, optitype, whatshap
[2023-11-08 20:01:05,583] multiqc                                            [DEBUG  ]  Using temporary directory for creating report: /tmp/tmp8xr_egmz
[2023-11-08 20:01:05,953] multiqc                                            [INFO   ]  Search path : /cluster/projects/nn9036k/nfsp/nf-core-spritz/work/7d/146807acf8bdfd083052e9b8b9e648
[2023-11-08 20:01:07,014] multiqc                                            [DEBUG  ]  Summary of files that were skipped by the search: [skipped_no_match: 8] // [skipped_module_specific_max_filesize: 5]
[2023-11-08 20:01:08,734] multiqc.plots.bargraph                             [DEBUG  ]  Using matplotlib version 3.6.2
[2023-11-08 20:01:08,738] multiqc.plots.linegraph                            [DEBUG  ]  Using matplotlib version 3.6.2
[2023-11-08 20:01:08,765] multiqc.modules.custom_content.custom_content      [INFO   ]  nf-core-spritz-summary: Found 1 sample (html)
[2023-11-08 20:01:08,765] multiqc.modules.custom_content.custom_content      [INFO   ]  nf-core-spritz-methods-description: Found 1 sample (html)
[2023-11-08 20:01:08,765] multiqc.modules.custom_content.custom_content      [INFO   ]  software_versions: Found 1 sample (html)
[2023-11-08 20:01:10,087] multiqc.modules.fastqc.fastqc                      [INFO   ]  Found 12 reports
[2023-11-08 20:01:31,331] multiqc                                            [DEBUG  ]  Reordering sections: anchor 'nf-core-spritz-methods-description' not found for module 'FastQC'.
[2023-11-08 20:01:31,331] multiqc                                            [DEBUG  ]  Reordering sections: anchor 'software_versions' not found for module 'FastQC'.
[2023-11-08 20:01:31,331] multiqc                                            [DEBUG  ]  Reordering sections: anchor 'nf-core-spritz-summary' not found for module 'FastQC'.
[2023-11-08 20:01:31,331] multiqc                                            [DEBUG  ]  Reordering sections: anchor 'nf-core-spritz-methods-description' not found for module 'nf-core/spritz Methods Description'.
[2023-11-08 20:01:31,331] multiqc                                            [DEBUG  ]  Reordering sections: anchor 'software_versions' not found for module 'nf-core/spritz Methods Description'.
[2023-11-08 20:01:31,331] multiqc                                            [DEBUG  ]  Reordering sections: anchor 'nf-core-spritz-summary' not found for module 'nf-core/spritz Methods Description'.
[2023-11-08 20:01:31,331] multiqc                                            [DEBUG  ]  Reordering sections: anchor 'nf-core-spritz-methods-description' not found for module 'nf-core/spritz Software Versions'.
[2023-11-08 20:01:31,331] multiqc                                            [DEBUG  ]  Reordering sections: anchor 'software_versions' not found for module 'nf-core/spritz Software Versions'.
[2023-11-08 20:01:31,331] multiqc                                            [DEBUG  ]  Reordering sections: anchor 'nf-core-spritz-summary' not found for module 'nf-core/spritz Software Versions'.
[2023-11-08 20:01:31,331] multiqc                                            [DEBUG  ]  Reordering sections: anchor 'nf-core-spritz-methods-description' not found for module 'nf-core/spritz Workflow Summary'.
[2023-11-08 20:01:31,331] multiqc                                            [DEBUG  ]  Reordering sections: anchor 'software_versions' not found for module 'nf-core/spritz Workflow Summary'.
[2023-11-08 20:01:31,331] multiqc                                            [DEBUG  ]  Reordering sections: anchor 'nf-core-spritz-summary' not found for module 'nf-core/spritz Workflow Summary'.
[2023-11-08 20:01:31,359] multiqc                                            [INFO   ]  Compressing plot data
[2023-11-08 20:01:31,715] multiqc                                            [INFO   ]  Report      : multiqc_report.html
[2023-11-08 20:01:31,715] multiqc                                            [INFO   ]  Data        : multiqc_data
[2023-11-08 20:01:31,715] multiqc                                            [DEBUG  ]  Moving data file from '/tmp/tmp8xr_egmz/multiqc_data' to '/cluster/projects/nn9036k/nfsp/nf-core-spritz/work/7d/146807acf8bdfd083052e9b8b9e648/multiqc_data'
[2023-11-08 20:01:31,834] multiqc                                            [INFO   ]  Plots       : multiqc_plots
[2023-11-08 20:01:31,835] multiqc                                            [DEBUG  ]  Moving plots directory from '/tmp/tmp8xr_egmz/multiqc_plots' to '/cluster/projects/nn9036k/nfsp/nf-core-spritz/work/7d/146807acf8bdfd083052e9b8b9e648/multiqc_plots'
[2023-11-08 20:01:32,692] multiqc                                            [INFO   ]  MultiQC complete
